[0m00:19:19.742052 [debug] [MainThread]: Sending event: {'category': 'dbt', 'action': 'invocation', 'label': 'start', 'context': [<snowplow_tracker.self_describing_json.SelfDescribingJson object at 0x7ddcaeb86190>, <snowplow_tracker.self_describing_json.SelfDescribingJson object at 0x7ddcaeb86010>, <snowplow_tracker.self_describing_json.SelfDescribingJson object at 0x7ddcaeb85fd0>]}


============================== 00:19:19.747023 | c9c33ee4-5c6b-4b63-a540-0c752e68bd70 ==============================
[0m00:19:19.747023 [info ] [MainThread]: Running with dbt=1.9.2
[0m00:19:19.747970 [debug] [MainThread]: running dbt with arguments {'printer_width': '80', 'indirect_selection': 'eager', 'log_cache_events': 'False', 'write_json': 'True', 'partial_parse': 'True', 'cache_selected_only': 'False', 'profiles_dir': '/home/elisha-a/.dbt', 'version_check': 'True', 'debug': 'False', 'log_path': 'logs', 'warn_error': 'None', 'fail_fast': 'False', 'use_colors': 'True', 'use_experimental_parser': 'False', 'empty': 'None', 'quiet': 'False', 'no_print': 'None', 'log_format': 'default', 'introspect': 'True', 'static_parser': 'True', 'invocation_command': 'dbt init my_project', 'target_path': 'None', 'warn_error_options': 'WarnErrorOptions(include=[], exclude=[])', 'send_anonymous_usage_stats': 'True'}
[0m00:19:19.763833 [debug] [MainThread]: Starter project path: /home/elisha-a/week7/.venv/lib/python3.11/site-packages/dbt/include/starter_project
[0m00:19:19.769195 [info ] [MainThread]: 
Your new dbt project "my_project" was created!

For more information on how to configure the profiles.yml file,
please consult the dbt documentation here:

  https://docs.getdbt.com/docs/configure-your-profile

One more thing:

Need help? Don't hesitate to reach out to us via GitHub issues or on Slack:

  https://community.getdbt.com/

Happy modeling!

[0m00:19:19.770251 [info ] [MainThread]: Setting up your profile.
[0m00:22:59.178082 [info ] [MainThread]: Profile my_project written to /home/elisha-a/.dbt/profiles.yml using target's profile_template.yml and your supplied values. Run 'dbt debug' to validate the connection.
[0m00:22:59.188905 [debug] [MainThread]: Resource report: {"command_name": "init", "command_success": true, "command_wall_clock_time": 219.5389, "process_in_blocks": "288", "process_kernel_time": 0.312519, "process_mem_max_rss": "92236", "process_out_blocks": "80", "process_user_time": 2.608256}
[0m00:22:59.194625 [debug] [MainThread]: Command `dbt init` succeeded at 00:22:59.193626 after 219.55 seconds
[0m00:22:59.199150 [debug] [MainThread]: Sending event: {'category': 'dbt', 'action': 'invocation', 'label': 'end', 'context': [<snowplow_tracker.self_describing_json.SelfDescribingJson object at 0x7ddcae9d7190>, <snowplow_tracker.self_describing_json.SelfDescribingJson object at 0x7ddcb24b9f50>, <snowplow_tracker.self_describing_json.SelfDescribingJson object at 0x7ddcb24b9e10>]}
[0m00:22:59.203357 [debug] [MainThread]: Flushing usage events
[0m00:23:00.811741 [debug] [MainThread]: An error was encountered while trying to flush usage events
[0m00:42:44.941620 [debug] [MainThread]: Sending event: {'category': 'dbt', 'action': 'invocation', 'label': 'start', 'context': [<snowplow_tracker.self_describing_json.SelfDescribingJson object at 0x752a564e1550>, <snowplow_tracker.self_describing_json.SelfDescribingJson object at 0x752a564e17d0>, <snowplow_tracker.self_describing_json.SelfDescribingJson object at 0x752a564e1190>]}


============================== 00:42:44.946093 | 419da4f9-0c09-49c1-8155-8f908aba5c64 ==============================
[0m00:42:44.946093 [info ] [MainThread]: Running with dbt=1.9.2
[0m00:42:44.947140 [debug] [MainThread]: running dbt with arguments {'printer_width': '80', 'indirect_selection': 'eager', 'log_cache_events': 'False', 'write_json': 'True', 'partial_parse': 'True', 'cache_selected_only': 'False', 'warn_error': 'None', 'version_check': 'True', 'debug': 'False', 'log_path': 'logs', 'fail_fast': 'False', 'profiles_dir': '/home/elisha-a/.dbt', 'use_colors': 'True', 'use_experimental_parser': 'False', 'no_print': 'None', 'quiet': 'False', 'empty': 'None', 'warn_error_options': 'WarnErrorOptions(include=[], exclude=[])', 'introspect': 'True', 'static_parser': 'True', 'log_format': 'default', 'target_path': 'None', 'invocation_command': 'dbt init my_project', 'send_anonymous_usage_stats': 'True'}
[0m00:42:44.957910 [info ] [MainThread]: A project called my_project already exists here.
[0m00:42:44.959187 [debug] [MainThread]: Resource report: {"command_name": "init", "command_success": true, "command_wall_clock_time": 0.084040314, "process_in_blocks": "8", "process_kernel_time": 0.223699, "process_mem_max_rss": "88252", "process_out_blocks": "16", "process_user_time": 1.838532}
[0m00:42:44.959937 [debug] [MainThread]: Command `dbt init` succeeded at 00:42:44.959751 after 0.08 seconds
[0m00:42:44.960702 [debug] [MainThread]: Sending event: {'category': 'dbt', 'action': 'invocation', 'label': 'end', 'context': [<snowplow_tracker.self_describing_json.SelfDescribingJson object at 0x752a59eb9e10>, <snowplow_tracker.self_describing_json.SelfDescribingJson object at 0x752a59eb9f50>, <snowplow_tracker.self_describing_json.SelfDescribingJson object at 0x752a59eb9510>]}
[0m00:42:44.961468 [debug] [MainThread]: Flushing usage events
[0m00:42:46.519673 [debug] [MainThread]: An error was encountered while trying to flush usage events
[0m00:44:25.268263 [debug] [MainThread]: Sending event: {'category': 'dbt', 'action': 'invocation', 'label': 'start', 'context': [<snowplow_tracker.self_describing_json.SelfDescribingJson object at 0x703399510b10>, <snowplow_tracker.self_describing_json.SelfDescribingJson object at 0x703399510d50>, <snowplow_tracker.self_describing_json.SelfDescribingJson object at 0x703399510a10>]}


============================== 00:44:25.272084 | 300dcae2-33dd-450e-a99d-3ffd17aaecbd ==============================
[0m00:44:25.272084 [info ] [MainThread]: Running with dbt=1.9.2
[0m00:44:25.273472 [debug] [MainThread]: running dbt with arguments {'printer_width': '80', 'indirect_selection': 'eager', 'log_cache_events': 'False', 'write_json': 'True', 'partial_parse': 'True', 'cache_selected_only': 'False', 'profiles_dir': '/home/elisha-a/.dbt', 'version_check': 'True', 'fail_fast': 'False', 'log_path': 'logs', 'debug': 'False', 'warn_error': 'None', 'use_colors': 'True', 'use_experimental_parser': 'False', 'empty': 'None', 'quiet': 'False', 'no_print': 'None', 'warn_error_options': 'WarnErrorOptions(include=[], exclude=[])', 'static_parser': 'True', 'log_format': 'default', 'introspect': 'True', 'target_path': 'None', 'invocation_command': 'dbt debug', 'send_anonymous_usage_stats': 'True'}
[0m00:44:25.284148 [info ] [MainThread]: dbt version: 1.9.2
[0m00:44:25.284872 [info ] [MainThread]: python version: 3.11.4
[0m00:44:25.285613 [info ] [MainThread]: python path: /home/elisha-a/week7/.venv/bin/python
[0m00:44:25.286396 [info ] [MainThread]: os info: Linux-6.8.0-51-generic-x86_64-with-glibc2.39
[0m00:44:25.371123 [info ] [MainThread]: Using profiles dir at /home/elisha-a/.dbt
[0m00:44:25.371798 [info ] [MainThread]: Using profiles.yml file at /home/elisha-a/.dbt/profiles.yml
[0m00:44:25.372349 [info ] [MainThread]: Using dbt_project.yml file at /home/elisha-a/week7/dbt_project.yml
[0m00:44:25.372986 [error] [MainThread]: Encountered an error:
Internal Error
  Profile should not be None if loading profile completed
[0m00:44:25.374118 [debug] [MainThread]: Resource report: {"command_name": "debug", "command_success": false, "command_wall_clock_time": 0.16916695, "process_in_blocks": "0", "process_kernel_time": 0.205167, "process_mem_max_rss": "92624", "process_out_blocks": "8", "process_user_time": 1.773804}
[0m00:44:25.374758 [debug] [MainThread]: Command `dbt debug` failed at 00:44:25.374625 after 0.17 seconds
[0m00:44:25.375305 [debug] [MainThread]: Sending event: {'category': 'dbt', 'action': 'invocation', 'label': 'end', 'context': [<snowplow_tracker.self_describing_json.SelfDescribingJson object at 0x703399368b10>, <snowplow_tracker.self_describing_json.SelfDescribingJson object at 0x70339950be10>, <snowplow_tracker.self_describing_json.SelfDescribingJson object at 0x703399508fd0>]}
[0m00:44:25.375895 [debug] [MainThread]: Flushing usage events
[0m00:44:26.923688 [debug] [MainThread]: An error was encountered while trying to flush usage events
[0m00:51:04.222443 [debug] [MainThread]: Sending event: {'category': 'dbt', 'action': 'invocation', 'label': 'start', 'context': [<snowplow_tracker.self_describing_json.SelfDescribingJson object at 0x7c60e3beb190>, <snowplow_tracker.self_describing_json.SelfDescribingJson object at 0x7c60e3bff850>, <snowplow_tracker.self_describing_json.SelfDescribingJson object at 0x7c60e3bfd2d0>]}


============================== 00:51:04.226438 | 3c6866ea-57f8-459e-b54c-c750c20d2768 ==============================
[0m00:51:04.226438 [info ] [MainThread]: Running with dbt=1.9.2
[0m00:51:04.227374 [debug] [MainThread]: running dbt with arguments {'printer_width': '80', 'indirect_selection': 'eager', 'log_cache_events': 'False', 'write_json': 'True', 'partial_parse': 'True', 'cache_selected_only': 'False', 'profiles_dir': '/home/elisha-a/.dbt', 'debug': 'False', 'warn_error': 'None', 'log_path': 'logs', 'version_check': 'True', 'fail_fast': 'False', 'use_colors': 'True', 'use_experimental_parser': 'False', 'empty': 'False', 'quiet': 'False', 'no_print': 'None', 'log_format': 'default', 'introspect': 'True', 'warn_error_options': 'WarnErrorOptions(include=[], exclude=[])', 'static_parser': 'True', 'target_path': 'None', 'invocation_command': 'dbt run', 'send_anonymous_usage_stats': 'True'}
[0m00:51:04.228125 [error] [MainThread]: Encountered an error:
Runtime Error
  No dbt_project.yml found at expected path /home/elisha-a/week7/dbt_project.yml
  Verify that each entry within packages.yml (and their transitive dependencies) contains a file named dbt_project.yml
  
[0m00:51:04.229387 [debug] [MainThread]: Resource report: {"command_name": "run", "command_success": false, "command_wall_clock_time": 0.07147027, "process_in_blocks": "0", "process_kernel_time": 0.32834, "process_mem_max_rss": "87996", "process_out_blocks": "8", "process_user_time": 1.712343}
[0m00:51:04.230053 [debug] [MainThread]: Command `dbt run` failed at 00:51:04.229906 after 0.07 seconds
[0m00:51:04.230595 [debug] [MainThread]: Sending event: {'category': 'dbt', 'action': 'invocation', 'label': 'end', 'context': [<snowplow_tracker.self_describing_json.SelfDescribingJson object at 0x7c60e3bff8d0>, <snowplow_tracker.self_describing_json.SelfDescribingJson object at 0x7c60e3bff790>, <snowplow_tracker.self_describing_json.SelfDescribingJson object at 0x7c60e757d590>]}
[0m00:51:04.231172 [debug] [MainThread]: Flushing usage events
[0m00:51:05.721437 [debug] [MainThread]: An error was encountered while trying to flush usage events
[0m01:30:12.388635 [debug] [MainThread]: Sending event: {'category': 'dbt', 'action': 'invocation', 'label': 'start', 'context': [<snowplow_tracker.self_describing_json.SelfDescribingJson object at 0x7c4be1de1150>, <snowplow_tracker.self_describing_json.SelfDescribingJson object at 0x7c4be1de0e50>, <snowplow_tracker.self_describing_json.SelfDescribingJson object at 0x7c4be1de0d90>]}


============================== 01:30:12.392292 | d26c4129-0a9b-4b7c-8ba2-4c2ac4dfef51 ==============================
[0m01:30:12.392292 [info ] [MainThread]: Running with dbt=1.9.2
[0m01:30:12.393228 [debug] [MainThread]: running dbt with arguments {'printer_width': '80', 'indirect_selection': 'eager', 'write_json': 'True', 'log_cache_events': 'False', 'partial_parse': 'True', 'cache_selected_only': 'False', 'warn_error': 'None', 'debug': 'False', 'version_check': 'True', 'log_path': 'logs', 'profiles_dir': '/home/elisha-a/.dbt', 'fail_fast': 'False', 'use_colors': 'True', 'use_experimental_parser': 'False', 'no_print': 'None', 'quiet': 'False', 'empty': 'None', 'log_format': 'default', 'introspect': 'True', 'invocation_command': 'dbt init telegram_project', 'warn_error_options': 'WarnErrorOptions(include=[], exclude=[])', 'target_path': 'None', 'static_parser': 'True', 'send_anonymous_usage_stats': 'True'}
[0m01:30:12.403555 [debug] [MainThread]: Starter project path: /home/elisha-a/week7/.venv/lib/python3.11/site-packages/dbt/include/starter_project
[0m01:30:12.408098 [info ] [MainThread]: 
Your new dbt project "telegram_project" was created!

For more information on how to configure the profiles.yml file,
please consult the dbt documentation here:

  https://docs.getdbt.com/docs/configure-your-profile

One more thing:

Need help? Don't hesitate to reach out to us via GitHub issues or on Slack:

  https://community.getdbt.com/

Happy modeling!

[0m01:30:12.409147 [info ] [MainThread]: Setting up your profile.
[0m01:31:17.034597 [info ] [MainThread]: Profile telegram_project written to /home/elisha-a/.dbt/profiles.yml using target's profile_template.yml and your supplied values. Run 'dbt debug' to validate the connection.
[0m01:31:17.041677 [debug] [MainThread]: Resource report: {"command_name": "init", "command_success": true, "command_wall_clock_time": 64.71699, "process_in_blocks": "0", "process_kernel_time": 0.254315, "process_mem_max_rss": "92468", "process_out_blocks": "88", "process_user_time": 1.948096}
[0m01:31:17.047664 [debug] [MainThread]: Command `dbt init` succeeded at 01:31:17.046593 after 64.72 seconds
[0m01:31:17.052201 [debug] [MainThread]: Sending event: {'category': 'dbt', 'action': 'invocation', 'label': 'end', 'context': [<snowplow_tracker.self_describing_json.SelfDescribingJson object at 0x7c4be1de33d0>, <snowplow_tracker.self_describing_json.SelfDescribingJson object at 0x7c4be1de31d0>, <snowplow_tracker.self_describing_json.SelfDescribingJson object at 0x7c4be577de90>]}
[0m01:31:17.057568 [debug] [MainThread]: Flushing usage events
[0m01:31:18.675889 [debug] [MainThread]: An error was encountered while trying to flush usage events
