2025-02-04 09:38:15,836 - INFO - Processed photos/@lobelia4cosmetics_15205.jpg with 0 detections.
2025-02-04 09:38:16,090 - INFO - Processed photos/@CheMed123_60.jpg with 0 detections.
2025-02-04 09:38:16,359 - INFO - Processed photos/@CheMed123_92.jpg with 1 detections.
2025-02-04 09:38:16,634 - INFO - Processed photos/@yetenaweg_1227.jpg with 0 detections.
2025-02-04 09:38:16,897 - INFO - Processed photos/@lobelia4cosmetics_15194.jpg with 0 detections.
2025-02-04 09:38:17,132 - INFO - Processed photos/@lobelia4cosmetics_15175.jpg with 0 detections.
2025-02-04 09:38:17,384 - INFO - Processed photos/@yetenaweg_1214.jpg with 1 detections.
2025-02-04 09:38:17,694 - INFO - Processed photos/@lobelia4cosmetics_15249.jpg with 0 detections.
2025-02-04 09:38:18,014 - INFO - Processed photos/@CheMed123_93.jpg with 1 detections.
2025-02-04 09:38:18,217 - INFO - Processed photos/@CheMed123_39.jpg with 8 detections.
2025-02-04 09:38:18,446 - INFO - Processed photos/@DoctorsET_842.jpg with 13 detections.
2025-02-04 09:38:18,648 - INFO - Processed photos/@DoctorsET_826.jpg with 7 detections.
2025-02-04 09:38:18,917 - INFO - Processed photos/@DoctorsET_832.jpg with 4 detections.
2025-02-04 09:38:19,187 - INFO - Processed photos/@lobelia4cosmetics_15204.jpg with 0 detections.
2025-02-04 09:38:19,476 - INFO - Processed photos/@lobelia4cosmetics_15179.jpg with 0 detections.
2025-02-04 09:38:19,857 - INFO - Processed photos/@CheMed123_49.jpg with 2 detections.
2025-02-04 09:38:20,106 - INFO - Processed photos/@DoctorsET_801.jpg with 5 detections.
2025-02-04 09:38:20,347 - INFO - Processed photos/@CheMed123_25.jpg with 2 detections.
2025-02-04 09:38:20,629 - INFO - Processed photos/@CheMed123_11.jpg with 0 detections.
2025-02-04 09:38:20,892 - INFO - Processed photos/@lobelia4cosmetics_15212.jpg with 2 detections.
2025-02-04 09:38:21,155 - INFO - Processed photos/@lobelia4cosmetics_15236.jpg with 4 detections.
2025-02-04 09:38:21,309 - INFO - Processed photos/@yetenaweg_1196.jpg with 19 detections.
2025-02-04 09:38:21,485 - INFO - Processed photos/@DoctorsET_758.jpg with 15 detections.
2025-02-04 09:38:21,665 - INFO - Processed photos/@DoctorsET_844.jpg with 1 detections.
2025-02-04 09:38:22,166 - INFO - Processed photos/@lobelia4cosmetics_15181.jpg with 4 detections.
2025-02-04 09:38:22,499 - INFO - Processed photos/@yetenaweg_1222.jpg with 0 detections.
2025-02-04 09:38:23,012 - INFO - Processed photos/@lobelia4cosmetics_15261.jpg with 1 detections.
2025-02-04 09:38:23,263 - INFO - Processed photos/@DoctorsET_756.jpg with 8 detections.
2025-02-04 09:38:23,695 - INFO - Processed photos/@lobelia4cosmetics_15193.jpg with 0 detections.
2025-02-04 09:38:24,001 - INFO - Processed photos/@CheMed123_53.jpg with 0 detections.
2025-02-04 09:38:24,271 - INFO - Processed photos/@lobelia4cosmetics_15270.jpg with 1 detections.
2025-02-04 09:38:24,584 - INFO - Processed photos/@CheMed123_87.jpg with 0 detections.
2025-02-04 09:38:24,846 - INFO - Processed photos/@yetenaweg_1225.jpg with 0 detections.
2025-02-04 09:38:25,114 - INFO - Processed photos/@yetenaweg_1177.jpg with 1 detections.
2025-02-04 09:38:25,280 - INFO - Processed photos/@DoctorsET_796.jpg with 1 detections.
2025-02-04 09:38:25,562 - INFO - Processed photos/@lobelia4cosmetics_15242.jpg with 0 detections.
2025-02-04 09:38:25,829 - INFO - Processed photos/@yetenaweg_1217.jpg with 0 detections.
2025-02-04 09:38:26,070 - INFO - Processed photos/@CheMed123_33.jpg with 3 detections.
2025-02-04 09:38:26,306 - INFO - Processed photos/@CheMed123_18.jpg with 0 detections.
2025-02-04 09:38:26,484 - INFO - Processed photos/@DoctorsET_778.jpg with 10 detections.
2025-02-04 09:38:26,745 - INFO - Processed photos/@yetenaweg_1193.jpg with 0 detections.
2025-02-04 09:38:27,049 - INFO - Processed photos/@DoctorsET_774.jpg with 4 detections.
2025-02-04 09:38:27,464 - INFO - Processed photos/@lobelia4cosmetics_15199.jpg with 0 detections.
2025-02-04 09:38:27,757 - INFO - Processed photos/@DoctorsET_859.jpg with 15 detections.
2025-02-04 09:38:28,210 - INFO - Processed photos/@CheMed123_43.jpg with 3 detections.
2025-02-04 09:38:28,612 - INFO - Processed photos/@yetenaweg_1245.jpg with 0 detections.
2025-02-04 09:38:29,028 - INFO - Processed photos/@lobelia4cosmetics_15188.jpg with 1 detections.
2025-02-04 09:38:29,212 - INFO - Processed photos/@DoctorsET_773.jpg with 8 detections.
2025-02-04 09:38:29,565 - INFO - Processed photos/@CheMed123_77.jpg with 5 detections.
2025-02-04 09:38:29,734 - INFO - Processed photos/@DoctorsET_762.jpg with 4 detections.
2025-02-04 09:38:29,949 - INFO - Processed photos/@DoctorsET_763.jpg with 4 detections.
2025-02-04 09:38:30,197 - INFO - Processed photos/@DoctorsET_862.jpg with 9 detections.
2025-02-04 09:38:30,604 - INFO - Processed photos/@CheMed123_21.jpg with 0 detections.
2025-02-04 09:38:30,880 - INFO - Processed photos/@yetenaweg_1228.jpg with 0 detections.
2025-02-04 09:38:31,053 - INFO - Processed photos/@DoctorsET_840.jpg with 9 detections.
2025-02-04 09:38:31,313 - INFO - Processed photos/@yetenaweg_1215.jpg with 0 detections.
2025-02-04 09:38:31,472 - INFO - Processed photos/@DoctorsET_754.jpg with 1 detections.
2025-02-04 09:38:31,640 - INFO - Processed photos/@DoctorsET_847.jpg with 2 detections.
2025-02-04 09:38:31,979 - INFO - Processed photos/@DoctorsET_809.jpg with 14 detections.
2025-02-04 09:38:32,220 - INFO - Processed photos/@DoctorsET_759.jpg with 4 detections.
2025-02-04 09:38:32,648 - INFO - Processed photos/@lobelia4cosmetics_15231.jpg with 4 detections.
2025-02-04 09:38:32,858 - INFO - Processed photos/@lobelia4cosmetics_15174.jpg with 0 detections.
2025-02-04 09:38:33,035 - INFO - Processed photos/@DoctorsET_843.jpg with 5 detections.
2025-02-04 09:38:33,379 - INFO - Processed photos/@lobelia4cosmetics_15173.jpg with 0 detections.
2025-02-04 09:38:34,250 - INFO - Processed photos/@CheMed123_45.jpg with 1 detections.
2025-02-04 09:38:34,673 - INFO - Processed photos/@CheMed123_95.jpg with 2 detections.
2025-02-04 09:38:34,848 - INFO - Processed photos/@DoctorsET_791.jpg with 6 detections.
2025-02-04 09:38:35,094 - INFO - Processed photos/@CheMed123_2.jpg with 11 detections.
2025-02-04 09:38:35,387 - INFO - Processed photos/@lobelia4cosmetics_15203.jpg with 0 detections.
2025-02-04 09:38:35,635 - INFO - Processed photos/@DoctorsET_819.jpg with 1 detections.
2025-02-04 09:38:35,879 - INFO - Processed photos/@CheMed123_34.jpg with 0 detections.
2025-02-04 09:38:36,054 - INFO - Processed photos/@DoctorsET_820.jpg with 8 detections.
2025-02-04 09:38:36,325 - INFO - Processed photos/@CheMed123_86.jpg with 3 detections.
2025-02-04 09:38:36,615 - INFO - Processed photos/@lobelia4cosmetics_15200.jpg with 0 detections.
2025-02-04 09:38:36,884 - INFO - Processed photos/@lobelia4cosmetics_15245.jpg with 0 detections.
2025-02-04 09:38:37,161 - INFO - Processed photos/@lobelia4cosmetics_15195.jpg with 4 detections.
2025-02-04 09:38:37,382 - INFO - Processed photos/@DoctorsET_845.jpg with 10 detections.
2025-02-04 09:38:37,649 - INFO - Processed photos/@lobelia4cosmetics_15234.jpg with 0 detections.
2025-02-04 09:38:37,944 - INFO - Processed photos/@lobelia4cosmetics_15254.jpg with 0 detections.
2025-02-04 09:38:38,102 - INFO - Processed photos/@DoctorsET_814.jpg with 2 detections.
2025-02-04 09:38:38,365 - INFO - Processed photos/@yetenaweg_1232.jpg with 3 detections.
2025-02-04 09:38:38,645 - INFO - Processed photos/@lobelia4cosmetics_15211.jpg with 0 detections.
2025-02-04 09:38:38,898 - INFO - Processed photos/@lobelia4cosmetics_15256.jpg with 0 detections.
2025-02-04 09:38:39,151 - INFO - Processed photos/@lobelia4cosmetics_15246.jpg with 0 detections.
2025-02-04 09:38:39,448 - INFO - Processed photos/@yetenaweg_1229.jpg with 0 detections.
2025-02-04 09:38:39,721 - INFO - Processed photos/@lobelia4cosmetics_15210.jpg with 1 detections.
2025-02-04 09:38:40,007 - INFO - Processed photos/@lobelia4cosmetics_15238.jpg with 0 detections.
2025-02-04 09:38:40,298 - INFO - Processed photos/@lobelia4cosmetics_15224.jpg with 2 detections.
2025-02-04 09:38:40,593 - INFO - Processed photos/@yetenaweg_1178.jpg with 0 detections.
2025-02-04 09:38:40,885 - INFO - Processed photos/@yetenaweg_1237.jpg with 0 detections.
2025-02-04 09:38:41,108 - INFO - Processed photos/@CheMed123_70.jpg with 4 detections.
2025-02-04 09:38:41,389 - INFO - Processed photos/@yetenaweg_1236.jpg with 0 detections.
2025-02-04 09:38:41,684 - INFO - Processed photos/@CheMed123_96.jpg with 2 detections.
2025-02-04 09:38:41,984 - INFO - Processed photos/@yetenaweg_1246.jpg with 0 detections.
2025-02-04 09:38:42,263 - INFO - Processed photos/@CheMed123_75.jpg with 1 detections.
2025-02-04 09:38:42,494 - INFO - Processed photos/@DoctorsET_766.jpg with 3 detections.
2025-02-04 09:38:42,718 - INFO - Processed photos/@CheMed123_38.jpg with 2 detections.
2025-02-04 09:38:43,003 - INFO - Processed photos/@yetenaweg_1226.jpg with 1 detections.
2025-02-04 09:38:43,282 - INFO - Processed photos/@CheMed123_55.jpg with 1 detections.
2025-02-04 09:38:43,547 - INFO - Processed photos/@lobelia4cosmetics_15233.jpg with 0 detections.
2025-02-04 09:38:43,979 - INFO - Processed photos/@DoctorsET_750.jpg with 0 detections.
2025-02-04 09:38:44,326 - INFO - Processed photos/@yetenaweg_1192.jpg with 0 detections.
2025-02-04 09:38:44,677 - INFO - Processed photos/@lobelia4cosmetics_15264.jpg with 0 detections.
2025-02-04 09:38:44,964 - INFO - Processed photos/@lobelia4cosmetics_15258.jpg with 2 detections.
2025-02-04 09:38:45,241 - INFO - Processed photos/@lobelia4cosmetics_15240.jpg with 0 detections.
2025-02-04 09:38:45,540 - INFO - Processed photos/@lobelia4cosmetics_15187.jpg with 0 detections.
2025-02-04 09:38:45,747 - INFO - Processed photos/@DoctorsET_755.jpg with 6 detections.
2025-02-04 09:38:46,198 - INFO - Processed photos/@DoctorsET_781.jpg with 0 detections.
2025-02-04 09:38:46,541 - INFO - Processed photos/@yetenaweg_1209.jpg with 0 detections.
2025-02-04 09:38:46,813 - INFO - Processed photos/@lobelia4cosmetics_15183.jpg with 0 detections.
2025-02-04 09:38:47,077 - INFO - Processed photos/@CheMed123_23.jpg with 0 detections.
2025-02-04 09:38:47,425 - INFO - Processed photos/@lobelia4cosmetics_15268.jpg with 0 detections.
2025-02-04 09:38:47,673 - INFO - Processed photos/@DoctorsET_841.jpg with 4 detections.
2025-02-04 09:38:47,950 - INFO - Processed photos/@CheMed123_22.jpg with 2 detections.
2025-02-04 09:38:48,117 - INFO - Processed photos/@DoctorsET_786.jpg with 11 detections.
2025-02-04 09:38:48,367 - INFO - Processed photos/@CheMed123_78.jpg with 3 detections.
2025-02-04 09:38:48,700 - INFO - Processed photos/@lobelia4cosmetics_15178.jpg with 0 detections.
2025-02-04 09:38:49,189 - INFO - Processed photos/@yetenaweg_1171.jpg with 0 detections.
2025-02-04 09:38:49,449 - INFO - Processed photos/@yetenaweg_1239.jpg with 2 detections.
2025-02-04 09:38:49,615 - INFO - Processed photos/@DoctorsET_787.jpg with 1 detections.
2025-02-04 09:38:49,860 - INFO - Processed photos/@lobelia4cosmetics_15214.jpg with 0 detections.
2025-02-04 09:38:50,139 - INFO - Processed photos/@yetenaweg_1176.jpg with 0 detections.
2025-02-04 09:38:50,426 - INFO - Processed photos/@lobelia4cosmetics_15186.jpg with 1 detections.
2025-02-04 09:38:50,757 - INFO - Processed photos/@CheMed123_91.jpg with 0 detections.
2025-02-04 09:38:50,982 - INFO - Processed photos/@DoctorsET_818.jpg with 13 detections.
2025-02-04 09:38:51,289 - INFO - Processed photos/@lobelia4cosmetics_15253.jpg with 0 detections.
2025-02-04 09:38:51,561 - INFO - Processed photos/@CheMed123_10.jpg with 0 detections.
2025-02-04 09:38:51,845 - INFO - Processed photos/@yetenaweg_1166.jpg with 0 detections.
2025-02-04 09:38:52,115 - INFO - Processed photos/@CheMed123_50.jpg with 0 detections.
2025-02-04 09:38:52,364 - INFO - Processed photos/@lobelia4cosmetics_15255.jpg with 1 detections.
2025-02-04 09:38:52,601 - INFO - Processed photos/@lobelia4cosmetics_15197.jpg with 0 detections.
2025-02-04 09:38:52,768 - INFO - Processed photos/@DoctorsET_777.jpg with 8 detections.
2025-02-04 09:38:52,929 - INFO - Processed photos/@DoctorsET_771.jpg with 6 detections.
2025-02-04 09:38:53,138 - INFO - Processed photos/@CheMed123_14.jpg with 0 detections.
2025-02-04 09:38:53,315 - INFO - Processed photos/@DoctorsET_761.jpg with 1 detections.
2025-02-04 09:38:53,548 - INFO - Processed photos/@DoctorsET_753.jpg with 13 detections.
2025-02-04 09:38:53,723 - INFO - Processed photos/@DoctorsET_770.jpg with 9 detections.
2025-02-04 09:38:53,971 - INFO - Processed photos/@lobelia4cosmetics_15243.jpg with 0 detections.
2025-02-04 09:38:54,164 - INFO - Processed photos/@DoctorsET_772.jpg with 2 detections.
2025-02-04 09:38:54,473 - INFO - Processed photos/@CheMed123_81.jpg with 5 detections.
2025-02-04 09:38:54,719 - INFO - Processed photos/@DoctorsET_811.jpg with 7 detections.
2025-02-04 09:38:54,976 - INFO - Processed photos/@lobelia4cosmetics_15189.jpg with 0 detections.
2025-02-04 09:38:55,264 - INFO - Processed photos/@lobelia4cosmetics_15180.jpg with 0 detections.
2025-02-04 09:38:55,525 - INFO - Processed photos/@CheMed123_85.jpg with 0 detections.
2025-02-04 09:38:55,817 - INFO - Processed photos/@DoctorsET_835.jpg with 8 detections.
2025-02-04 09:38:56,061 - INFO - Processed photos/@CheMed123_30.jpg with 2 detections.
2025-02-04 09:38:56,313 - INFO - Processed photos/@yetenaweg_1187.jpg with 0 detections.
2025-02-04 09:38:56,579 - INFO - Processed photos/@CheMed123_59.jpg with 1 detections.
2025-02-04 09:38:56,751 - INFO - Processed photos/@DoctorsET_802.jpg with 6 detections.
2025-02-04 09:38:56,920 - INFO - Processed photos/@DoctorsET_825.jpg with 7 detections.
2025-02-04 09:38:57,159 - INFO - Processed photos/@yetenaweg_1247.jpg with 0 detections.
2025-02-04 09:38:57,415 - INFO - Processed photos/@lobelia4cosmetics_15248.jpg with 0 detections.
2025-02-04 09:38:57,618 - INFO - Processed photos/@DoctorsET_798.jpg with 1 detections.
2025-02-04 09:38:57,900 - INFO - Processed photos/@CheMed123_67.jpg with 1 detections.
2025-02-04 09:38:58,056 - INFO - Processed photos/@DoctorsET_779.jpg with 9 detections.
2025-02-04 09:38:58,313 - INFO - Processed photos/@lobelia4cosmetics_15239.jpg with 1 detections.
2025-02-04 09:38:58,508 - INFO - Processed photos/@DoctorsET_813.jpg with 4 detections.
2025-02-04 09:38:59,072 - INFO - Processed photos/@lobelia4cosmetics_15222.jpg with 1 detections.
2025-02-04 09:38:59,477 - INFO - Processed photos/@lobelia4cosmetics_15208.jpg with 0 detections.
2025-02-04 09:38:59,877 - INFO - Processed photos/@CheMed123_56.jpg with 1 detections.
2025-02-04 09:39:00,172 - INFO - Processed photos/@CheMed123_41.jpg with 2 detections.
2025-02-04 09:39:00,446 - INFO - Processed photos/@lobelia4cosmetics_15198.jpg with 1 detections.
2025-02-04 09:39:00,689 - INFO - Processed photos/@yetenaweg_1211.jpg with 1 detections.
2025-02-04 09:39:00,918 - INFO - Processed photos/@yetenaweg_1212.jpg with 1 detections.
2025-02-04 09:39:01,146 - INFO - Processed photos/@lobelia4cosmetics_15217.jpg with 7 detections.
2025-02-04 09:39:01,408 - INFO - Processed photos/@yetenaweg_1175.jpg with 0 detections.
2025-02-04 09:39:01,665 - INFO - Processed photos/@CheMed123_48.jpg with 1 detections.
2025-02-04 09:39:01,893 - INFO - Processed photos/@lobelia4cosmetics_15227.jpg with 0 detections.
2025-02-04 09:39:02,104 - INFO - Processed photos/@DoctorsET_848.jpg with 18 detections.
2025-02-04 09:39:02,393 - INFO - Processed photos/@DoctorsET_821.jpg with 0 detections.
2025-02-04 09:39:02,795 - INFO - Processed photos/@lobelia4cosmetics_15215.jpg with 1 detections.
2025-02-04 09:39:03,089 - INFO - Processed photos/@yetenaweg_1210.jpg with 1 detections.
2025-02-04 09:39:03,337 - INFO - Processed photos/@yetenaweg_1167.jpg with 0 detections.
2025-02-04 09:39:03,540 - INFO - Processed photos/@DoctorsET_824.jpg with 5 detections.
2025-02-04 09:39:03,773 - INFO - Processed photos/@CheMed123_15.jpg with 0 detections.
2025-02-04 09:39:04,033 - INFO - Processed photos/@lobelia4cosmetics_15190.jpg with 0 detections.
2025-02-04 09:39:04,302 - INFO - Processed photos/@yetenaweg_1230.jpg with 0 detections.
2025-02-04 09:39:04,625 - INFO - Processed photos/@lobelia4cosmetics_15247.jpg with 1 detections.
2025-02-04 09:39:04,903 - INFO - Processed photos/@yetenaweg_1238.jpg with 1 detections.
2025-02-04 09:39:05,181 - INFO - Processed photos/@yetenaweg_1185.jpg with 10 detections.
2025-02-04 09:39:05,434 - INFO - Processed photos/@CheMed123_46.jpg with 2 detections.
2025-02-04 09:39:05,636 - INFO - Processed photos/@DoctorsET_861.jpg with 6 detections.
2025-02-04 09:39:05,800 - INFO - Processed photos/@DoctorsET_780.jpg with 4 detections.
2025-02-04 09:39:06,137 - INFO - Processed photos/@CheMed123_94.jpg with 5 detections.
2025-02-04 09:39:06,447 - INFO - Processed photos/@CheMed123_19.jpg with 5 detections.
2025-02-04 09:39:06,905 - INFO - Processed photos/@yetenaweg_1224.jpg with 0 detections.
2025-02-04 09:39:07,081 - INFO - Processed photos/@DoctorsET_793.jpg with 4 detections.
2025-02-04 09:39:07,275 - INFO - Processed photos/@yetenaweg_1198.jpg with 1 detections.
2025-02-04 09:39:07,619 - INFO - Processed photos/@yetenaweg_1218.jpg with 0 detections.
2025-02-04 09:39:07,864 - INFO - Processed photos/@DoctorsET_808.jpg with 4 detections.
2025-02-04 09:39:08,049 - INFO - Processed photos/@DoctorsET_804.jpg with 2 detections.
2025-02-04 09:39:08,296 - INFO - Processed photos/@yetenaweg_1235.jpg with 0 detections.
2025-02-04 09:39:08,480 - INFO - Processed photos/@DoctorsET_823.jpg with 1 detections.
2025-02-04 09:39:08,720 - INFO - Processed photos/@yetenaweg_1216.jpg with 0 detections.
2025-02-04 09:39:08,960 - INFO - Processed photos/@yetenaweg_1184.jpg with 2 detections.
2025-02-04 09:39:09,228 - INFO - Processed photos/@CheMed123_40.jpg with 7 detections.
2025-02-04 09:39:09,515 - INFO - Processed photos/@yetenaweg_1172.jpg with 0 detections.
2025-02-04 09:39:09,781 - INFO - Processed photos/@DoctorsET_830.jpg with 2 detections.
2025-02-04 09:39:10,016 - INFO - Processed photos/@DoctorsET_834.jpg with 8 detections.
2025-02-04 09:39:10,233 - INFO - Processed photos/@lobelia4cosmetics_15182.jpg with 0 detections.
2025-02-04 09:39:10,450 - INFO - Processed photos/@CheMed123_9.jpg with 11 detections.
2025-02-04 09:39:10,614 - INFO - Processed photos/@DoctorsET_827.jpg with 5 detections.
2025-02-04 09:39:10,812 - INFO - Processed photos/@DoctorsET_775.jpg with 8 detections.
2025-02-04 09:39:11,100 - INFO - Processed photos/@DoctorsET_764.jpg with 2 detections.
2025-02-04 09:39:11,383 - INFO - Processed photos/@lobelia4cosmetics_15252.jpg with 0 detections.
2025-02-04 09:39:11,650 - INFO - Processed photos/@CheMed123_97.jpg with 0 detections.
2025-02-04 09:39:11,850 - INFO - Processed photos/@DoctorsET_751.jpg with 3 detections.
2025-02-04 09:39:12,095 - INFO - Processed photos/@lobelia4cosmetics_15201.jpg with 0 detections.
2025-02-04 09:39:12,391 - INFO - Processed photos/@lobelia4cosmetics_15207.jpg with 0 detections.
2025-02-04 09:39:12,752 - INFO - Processed photos/@lobelia4cosmetics_15185.jpg with 2 detections.
2025-02-04 09:39:12,985 - INFO - Processed photos/@lobelia4cosmetics_15267.jpg with 1 detections.
2025-02-04 09:39:13,171 - INFO - Processed photos/@DoctorsET_836.jpg with 3 detections.
2025-02-04 09:39:13,508 - INFO - Processed photos/@yetenaweg_1223.jpg with 0 detections.
2025-02-04 09:39:13,725 - INFO - Processed photos/@CheMed123_29.jpg with 3 detections.
2025-02-04 09:39:13,951 - INFO - Processed photos/@DoctorsET_860.jpg with 2 detections.
2025-02-04 09:39:14,301 - INFO - Processed photos/@lobelia4cosmetics_15218.jpg with 11 detections.
2025-02-04 09:39:14,594 - INFO - Processed photos/@lobelia4cosmetics_15223.jpg with 2 detections.
2025-02-04 09:39:14,841 - INFO - Processed photos/@CheMed123_88.jpg with 0 detections.
2025-02-04 09:39:15,166 - INFO - Processed photos/@lobelia4cosmetics_15265.jpg with 0 detections.
2025-02-04 09:39:15,399 - INFO - Processed photos/@lobelia4cosmetics_15228.jpg with 0 detections.
2025-02-04 09:39:15,564 - INFO - Processed photos/@DoctorsET_790.jpg with 2 detections.
2025-02-04 09:39:15,760 - INFO - Processed photos/@CheMed123_32.jpg with 0 detections.
2025-02-04 09:39:15,930 - INFO - Processed photos/@DoctorsET_767.jpg with 1 detections.
2025-02-04 09:39:16,080 - INFO - Processed photos/@DoctorsET_760.jpg with 1 detections.
2025-02-04 09:39:16,321 - INFO - Processed photos/@lobelia4cosmetics_15263.jpg with 0 detections.
2025-02-04 09:39:16,740 - INFO - Processed photos/@lobelia4cosmetics_15220.jpg with 0 detections.
2025-02-04 09:39:17,072 - INFO - Processed photos/@lobelia4cosmetics_15269.jpg with 0 detections.
2025-02-04 09:39:17,367 - INFO - Processed photos/@yetenaweg_1168.jpg with 0 detections.
2025-02-04 09:39:17,693 - INFO - Processed photos/@lobelia4cosmetics_15235.jpg with 0 detections.
2025-02-04 09:39:17,978 - INFO - Processed photos/@lobelia4cosmetics_15209.jpg with 1 detections.
2025-02-04 09:39:18,143 - INFO - Processed photos/@DoctorsET_776.jpg with 11 detections.
2025-02-04 09:39:18,473 - INFO - Processed photos/@lobelia4cosmetics_15241.jpg with 1 detections.
2025-02-04 09:39:18,764 - INFO - Processed photos/@CheMed123_27.jpg with 0 detections.
2025-02-04 09:39:19,003 - INFO - Processed photos/@CheMed123_82.jpg with 4 detections.
2025-02-04 09:39:19,228 - INFO - Processed photos/@lobelia4cosmetics_15250.jpg with 0 detections.
2025-02-04 09:39:19,479 - INFO - Processed photos/@yetenaweg_1201.jpg with 0 detections.
2025-02-04 09:39:19,725 - INFO - Processed photos/@yetenaweg_1219.jpg with 0 detections.
2025-02-04 09:39:19,942 - INFO - Processed photos/@CheMed123_58.jpg with 12 detections.
2025-02-04 09:39:20,314 - INFO - Processed photos/@yetenaweg_1213.jpg with 1 detections.
2025-02-04 09:39:20,590 - INFO - Processed photos/@CheMed123_44.jpg with 2 detections.
2025-02-04 09:39:20,765 - INFO - Processed photos/@DoctorsET_757.jpg with 12 detections.
2025-02-04 09:39:21,011 - INFO - Processed photos/@lobelia4cosmetics_15219.jpg with 0 detections.
2025-02-04 09:39:21,307 - INFO - Processed photos/@lobelia4cosmetics_15251.jpg with 0 detections.
2025-02-04 09:39:21,711 - INFO - Processed photos/@yetenaweg_1243.jpg with 1 detections.
2025-02-04 09:39:22,080 - INFO - Processed photos/@DoctorsET_822.jpg with 2 detections.
2025-02-04 09:39:22,560 - INFO - Processed photos/@lobelia4cosmetics_15176.jpg with 1 detections.
2025-02-04 09:39:23,235 - INFO - Processed photos/@yetenaweg_1183.jpg with 2 detections.
2025-02-04 09:39:23,907 - INFO - Processed photos/@lobelia4cosmetics_15230.jpg with 1 detections.
2025-02-04 09:39:24,567 - INFO - Processed photos/@DoctorsET_805.jpg with 4 detections.
2025-02-04 09:39:25,154 - INFO - Processed photos/@DoctorsET_800.jpg with 3 detections.
2025-02-04 09:39:25,534 - INFO - Processed photos/@lobelia4cosmetics_15229.jpg with 1 detections.
2025-02-04 09:39:25,818 - INFO - Processed photos/@lobelia4cosmetics_15184.jpg with 0 detections.
2025-02-04 09:39:26,075 - INFO - Processed photos/@CheMed123_13.jpg with 8 detections.
2025-02-04 09:39:26,386 - INFO - Processed photos/@lobelia4cosmetics_15259.jpg with 0 detections.
2025-02-04 09:39:26,659 - INFO - Processed photos/@yetenaweg_1164.jpg with 0 detections.
2025-02-04 09:39:26,921 - INFO - Processed photos/@lobelia4cosmetics_15257.jpg with 0 detections.
2025-02-04 09:39:27,081 - INFO - Processed photos/@DoctorsET_839.jpg with 6 detections.
2025-02-04 09:39:27,358 - INFO - Processed photos/@yetenaweg_1205.jpg with 0 detections.
2025-02-04 09:39:27,540 - INFO - Processed photos/@DoctorsET_799.jpg with 1 detections.
2025-02-04 09:39:27,724 - INFO - Processed photos/@DoctorsET_863.jpg with 1 detections.
2025-02-04 09:39:28,035 - INFO - Processed photos/@lobelia4cosmetics_15206.jpg with 1 detections.
2025-02-04 09:39:28,199 - INFO - Processed photos/@DoctorsET_864.jpg with 6 detections.
2025-02-04 09:39:28,434 - INFO - Processed photos/@CheMed123_26.jpg with 1 detections.
2025-02-04 09:39:28,670 - INFO - Processed photos/@lobelia4cosmetics_15221.jpg with 1 detections.
2025-02-04 09:39:28,925 - INFO - Processed photos/@lobelia4cosmetics_15192.jpg with 1 detections.
2025-02-04 09:39:29,149 - INFO - Processed photos/@yetenaweg_1190.jpg with 0 detections.
2025-02-04 09:39:29,312 - INFO - Processed photos/@DoctorsET_785.jpg with 6 detections.
2025-02-04 09:39:29,535 - INFO - Processed photos/@DoctorsET_810.jpg with 7 detections.
2025-02-04 09:39:29,828 - INFO - Processed photos/@CheMed123_74.jpg with 0 detections.
2025-02-04 09:39:30,117 - INFO - Processed photos/@lobelia4cosmetics_15260.jpg with 0 detections.
2025-02-04 09:39:30,309 - INFO - Processed photos/@DoctorsET_807.jpg with 3 detections.
2025-02-04 09:39:30,609 - INFO - Processed photos/@lobelia4cosmetics_15244.jpg with 4 detections.
2025-02-04 09:39:30,914 - INFO - Processed photos/@yetenaweg_1169.jpg with 0 detections.
2025-02-04 09:39:31,373 - INFO - Processed photos/@yetenaweg_1189.jpg with 0 detections.
2025-02-04 09:39:31,710 - INFO - Processed photos/@lobelia4cosmetics_15225.jpg with 0 detections.
2025-02-04 09:39:31,906 - INFO - Processed photos/@DoctorsET_797.jpg with 2 detections.
2025-02-04 09:39:32,318 - INFO - Processed photos/@EAHCI_2610.jpg with 1 detections.
2025-02-04 09:39:32,766 - INFO - Processed photos/@CheMed123_90.jpg with 0 detections.
2025-02-04 09:39:33,149 - INFO - Processed photos/@CheMed123_20.jpg with 5 detections.
2025-02-04 09:39:33,430 - INFO - Processed photos/@lobelia4cosmetics_15191.jpg with 0 detections.
2025-02-04 09:39:33,701 - INFO - Processed photos/@lobelia4cosmetics_15226.jpg with 2 detections.
2025-02-04 09:39:33,940 - INFO - Processed photos/@DoctorsET_795.jpg with 8 detections.
2025-02-04 09:39:34,172 - INFO - Processed photos/@DoctorsET_794.jpg with 1 detections.
2025-02-04 09:39:34,345 - INFO - Processed photos/@DoctorsET_769.jpg with 3 detections.
2025-02-04 09:39:34,702 - INFO - Processed photos/@lobelia4cosmetics_15237.jpg with 0 detections.
2025-02-04 09:39:34,952 - INFO - Processed photos/@yetenaweg_1165.jpg with 0 detections.
2025-02-04 09:39:35,186 - INFO - Processed photos/@CheMed123_17.jpg with 10 detections.
2025-02-04 09:39:35,371 - INFO - Processed photos/@DoctorsET_792.jpg with 2 detections.
2025-02-04 09:39:35,638 - INFO - Processed photos/@yetenaweg_1221.jpg with 3 detections.
2025-02-04 09:39:35,839 - INFO - Processed photos/@DoctorsET_765.jpg with 10 detections.
2025-02-04 09:39:36,122 - INFO - Processed photos/@CheMed123_79.jpg with 0 detections.
2025-02-04 09:39:36,414 - INFO - Processed photos/@lobelia4cosmetics_15262.jpg with 1 detections.
2025-02-04 09:39:36,658 - INFO - Processed photos/@DoctorsET_768.jpg with 5 detections.
2025-02-04 09:39:37,128 - INFO - Processed photos/@DoctorsET_833.jpg with 14 detections.
2025-02-04 09:39:37,604 - INFO - Processed photos/@DoctorsET_783.jpg with 4 detections.
2025-02-04 09:39:38,038 - INFO - Processed photos/@yetenaweg_1197.jpg with 9 detections.
2025-02-04 09:39:38,291 - INFO - Processed photos/@DoctorsET_829.jpg with 0 detections.
2025-02-04 09:39:38,618 - INFO - Processed photos/@DoctorsET_788.jpg with 2 detections.
2025-02-04 09:39:38,785 - INFO - Processed photos/@CheMed123_71.jpg with 3 detections.
2025-02-04 09:39:39,015 - INFO - Processed photos/@yetenaweg_1188.jpg with 0 detections.
2025-02-04 09:39:39,241 - INFO - Processed photos/@CheMed123_3.jpg with 0 detections.
2025-02-04 09:39:39,491 - INFO - Processed photos/@yetenaweg_1204.jpg with 0 detections.
2025-02-04 09:39:39,661 - INFO - Processed photos/@DoctorsET_782.jpg with 4 detections.
2025-02-04 09:39:39,881 - INFO - Processed photos/@yetenaweg_1231.jpg with 1 detections.
2025-02-04 09:39:40,068 - INFO - Processed photos/@CheMed123_80.jpg with 3 detections.
2025-02-04 09:39:40,363 - INFO - Processed photos/@DoctorsET_831.jpg with 8 detections.
2025-02-04 09:39:40,628 - INFO - Processed photos/@DoctorsET_828.jpg with 5 detections.
2025-02-04 09:39:40,987 - INFO - Processed photos/@lobelia4cosmetics_15213.jpg with 1 detections.
2025-02-04 09:39:41,199 - INFO - Processed photos/@DoctorsET_846.jpg with 20 detections.
2025-02-04 09:39:41,365 - INFO - Processed photos/@DoctorsET_812.jpg with 7 detections.
2025-02-04 09:39:41,559 - INFO - Processed photos/@DoctorsET_784.jpg with 5 detections.
2025-02-04 09:39:41,802 - INFO - Processed photos/@lobelia4cosmetics_15177.jpg with 0 detections.
2025-02-04 09:39:42,082 - INFO - Processed photos/@lobelia4cosmetics_15271.jpg with 1 detections.
2025-02-04 09:39:42,356 - INFO - Processed photos/@lobelia4cosmetics_15232.jpg with 2 detections.
2025-02-04 09:39:42,634 - INFO - Processed photos/@lobelia4cosmetics_15172.jpg with 0 detections.
2025-02-04 09:39:42,907 - INFO - Processed photos/@CheMed123_31.jpg with 10 detections.
2025-02-04 09:39:43,172 - INFO - Processed photos/@CheMed123_64.jpg with 2 detections.
2025-02-04 09:39:43,358 - INFO - Processed photos/@CheMed123_57.jpg with 6 detections.
2025-02-04 09:39:43,601 - INFO - Processed photos/@lobelia4cosmetics_15202.jpg with 0 detections.
2025-02-04 09:39:43,895 - INFO - Processed photos/@lobelia4cosmetics_15216.jpg with 0 detections.
2025-02-04 09:39:44,182 - INFO - Processed photos/@lobelia4cosmetics_15266.jpg with 0 detections.
2025-02-04 09:39:44,486 - INFO - Processed photos/@lobelia4cosmetics_15196.jpg with 0 detections.
2025-02-04 09:39:44,672 - INFO - Processed photos/@CheMed123_76.jpg with 2 detections.
2025-02-04 09:39:44,939 - INFO - Processed photos/@CheMed123_52.jpg with 4 detections.
